<?xml version="1.0" encoding="UTF-8"?>
<testsuite xmlns:xsi="http://www.w3.org/2001/XMLSchema-instance" xsi:noNamespaceSchemaLocation="https://maven.apache.org/surefire/maven-surefire-plugin/xsd/surefire-test-report-3.0.xsd" version="3.0" name="org.pvp.villagerlimit.VillagerBreedingPropertyTest" time="0.041" tests="2" errors="0" skipped="2" failures="0">
  <properties>
[...]
</properties>
  <testcase name="earlyReturnOptimization" classname="org.pvp.villagerlimit.VillagerBreedingPropertyTest" time="0.0">
    <skipped message="A @Property method must not have JUnit annotations: [@org.junit.jupiter.api.Tag(&quot;Feature: villager-breeding-lifespan, Property 6: \u65e9\u671f\u8fd4\u56de\u4f18\u5316&quot;)]"/>
  </testcase>
  <testcase name="breedingEventFiltering" classname="org.pvp.villagerlimit.VillagerBreedingPropertyTest" time="0.0">
    <skipped message="A @Property method must not have JUnit annotations: [@org.junit.jupiter.api.Tag(&quot;Feature: villager-breeding-lifespan, Property 1: \u7e41\u6b96\u4e8b\u4ef6\u6b63\u786e\u8fc7\u6ee4&quot;)]"/>
  </testcase>
</testsuite>